c:\users\levent\desktop\gamenetworkingsockets\build\src\release\libgamenetworkingsocketsandroid.so.recipe
c:\users\levent\desktop\gamenetworkingsockets\build\gamenetworkingsocketsandroid\gamenetworkingsockets.dir\release\example_chat.o
c:\users\levent\desktop\gamenetworkingsockets\build\gamenetworkingsocketsandroid\gamenetworkingsockets.dir\release\crypto_25519_donna.o
c:\users\levent\desktop\gamenetworkingsockets\build\gamenetworkingsocketsandroid\gamenetworkingsockets.dir\release\crypto_25519_openssl.o
c:\users\levent\desktop\gamenetworkingsockets\build\gamenetworkingsocketsandroid\gamenetworkingsockets.dir\release\crypto_bcrypt.o
c:\users\levent\desktop\gamenetworkingsockets\build\gamenetworkingsocketsandroid\gamenetworkingsockets.dir\release\crypto_openssl.o
c:\users\levent\desktop\gamenetworkingsockets\build\gamenetworkingsocketsandroid\gamenetworkingsockets.dir\release\crypto_textencode.o
c:\users\levent\desktop\gamenetworkingsockets\build\gamenetworkingsocketsandroid\gamenetworkingsockets.dir\release\keypair.o
c:\users\levent\desktop\gamenetworkingsockets\build\gamenetworkingsocketsandroid\gamenetworkingsockets.dir\release\opensslwrapper.o
c:\users\levent\desktop\gamenetworkingsockets\build\gamenetworkingsocketsandroid\gamenetworkingsockets.dir\release\steamid.o
c:\users\levent\desktop\gamenetworkingsockets\build\gamenetworkingsocketsandroid\gamenetworkingsockets.dir\release\csteamnetworkingsockets.o
c:\users\levent\desktop\gamenetworkingsockets\build\gamenetworkingsocketsandroid\gamenetworkingsockets.dir\release\steamnetworkingsockets_connections.o
c:\users\levent\desktop\gamenetworkingsockets\build\gamenetworkingsocketsandroid\gamenetworkingsockets.dir\release\steamnetworkingsockets_flat.o
c:\users\levent\desktop\gamenetworkingsockets\build\gamenetworkingsocketsandroid\gamenetworkingsockets.dir\release\steamnetworkingsockets_lowlevel.o
c:\users\levent\desktop\gamenetworkingsockets\build\gamenetworkingsocketsandroid\gamenetworkingsockets.dir\release\steamnetworkingsockets_snp.o
c:\users\levent\desktop\gamenetworkingsockets\build\gamenetworkingsocketsandroid\gamenetworkingsockets.dir\release\steamnetworkingsockets_udp.o
c:\users\levent\desktop\gamenetworkingsockets\build\gamenetworkingsocketsandroid\gamenetworkingsockets.dir\release\steamnetworkingsockets_certs.o
c:\users\levent\desktop\gamenetworkingsockets\build\gamenetworkingsocketsandroid\gamenetworkingsockets.dir\release\steamnetworkingsockets_certstore.o
c:\users\levent\desktop\gamenetworkingsockets\build\gamenetworkingsocketsandroid\gamenetworkingsockets.dir\release\steamnetworkingsockets_shared.o
c:\users\levent\desktop\gamenetworkingsockets\build\gamenetworkingsocketsandroid\gamenetworkingsockets.dir\release\dbg.o
c:\users\levent\desktop\gamenetworkingsockets\build\gamenetworkingsocketsandroid\gamenetworkingsockets.dir\release\platformtime.o
c:\users\levent\desktop\gamenetworkingsockets\build\gamenetworkingsocketsandroid\gamenetworkingsockets.dir\release\bitstring.o
c:\users\levent\desktop\gamenetworkingsockets\build\gamenetworkingsocketsandroid\gamenetworkingsockets.dir\release\ipv6text.o
c:\users\levent\desktop\gamenetworkingsockets\build\gamenetworkingsocketsandroid\gamenetworkingsockets.dir\release\netadr.o
c:\users\levent\desktop\gamenetworkingsockets\build\gamenetworkingsocketsandroid\gamenetworkingsockets.dir\release\utlbuffer.o
c:\users\levent\desktop\gamenetworkingsockets\build\gamenetworkingsocketsandroid\gamenetworkingsockets.dir\release\utlmemory.o
c:\users\levent\desktop\gamenetworkingsockets\build\gamenetworkingsocketsandroid\gamenetworkingsockets.dir\release\strtools.o
c:\users\levent\desktop\gamenetworkingsockets\build\gamenetworkingsocketsandroid\gamenetworkingsockets.dir\release\steamnetworkingsockets_messages.pb.o
c:\users\levent\desktop\gamenetworkingsockets\build\gamenetworkingsocketsandroid\gamenetworkingsockets.dir\release\steamnetworkingsockets_messages_certs.pb.o
c:\users\levent\desktop\gamenetworkingsockets\build\gamenetworkingsocketsandroid\gamenetworkingsockets.dir\release\steamnetworkingsockets_messages_udp.pb.o
c:\users\levent\desktop\gamenetworkingsockets\build\gamenetworkingsocketsandroid\gamenetworkingsockets.dir\release\gamenetworkingsocketsandroid.o
c:\users\levent\desktop\gamenetworkingsockets\build\gamenetworkingsocketsandroid\gamenetworkingsockets.dir\release\libgamenetworkingsocketsandroid.so
c:\users\levent\desktop\gamenetworkingsockets\build\src\release\libgamenetworkingsocketsandroid.so
c:\users\levent\desktop\gamenetworkingsockets\build\gamenetworkingsocketsandroid\gamenetworkingsockets.dir\release\gamenetw.20eb2e93.tlog\clang.command.1.tlog
c:\users\levent\desktop\gamenetworkingsockets\build\gamenetworkingsocketsandroid\gamenetworkingsockets.dir\release\gamenetw.20eb2e93.tlog\gamenetworkingsocketsandroid.write.1u.tlog
c:\users\levent\desktop\gamenetworkingsockets\build\gamenetworkingsocketsandroid\gamenetworkingsockets.dir\release\gamenetw.20eb2e93.tlog\microsoft.build.cpptasks.clangcompile.read.1.tlog
c:\users\levent\desktop\gamenetworkingsockets\build\gamenetworkingsocketsandroid\gamenetworkingsockets.dir\release\gamenetw.20eb2e93.tlog\microsoft.build.cpptasks.clangcompile.write.1.tlog
c:\users\levent\desktop\gamenetworkingsockets\build\gamenetworkingsocketsandroid\gamenetworkingsockets.dir\release\gamenetw.20eb2e93.tlog\microsoft.build.cpptasks.clanglink.read.1.tlog
c:\users\levent\desktop\gamenetworkingsockets\build\gamenetworkingsocketsandroid\gamenetworkingsockets.dir\release\gamenetw.20eb2e93.tlog\microsoft.build.cpptasks.clanglink.write.1.tlog
