c:\users\levent\desktop\gamenetworkingsockets\build\src\gamenetworkingsockets.dir\release\netadr.obj
c:\users\levent\desktop\gamenetworkingsockets\build\src\gamenetworkingsockets.dir\release\bitstring.obj
c:\users\levent\desktop\gamenetworkingsockets\build\src\gamenetworkingsockets.dir\release\platformtime.obj
c:\users\levent\desktop\gamenetworkingsockets\build\src\gamenetworkingsockets.dir\release\dbg.obj
c:\users\levent\desktop\gamenetworkingsockets\build\src\gamenetworkingsockets.dir\release\steamnetworkingsockets_shared.obj
c:\users\levent\desktop\gamenetworkingsockets\build\src\gamenetworkingsockets.dir\release\steamnetworkingsockets_certstore.obj
c:\users\levent\desktop\gamenetworkingsockets\build\src\gamenetworkingsockets.dir\release\steamnetworkingsockets_certs.obj
c:\users\levent\desktop\gamenetworkingsockets\build\src\gamenetworkingsockets.dir\release\steamnetworkingsockets_udp.obj
c:\users\levent\desktop\gamenetworkingsockets\build\src\gamenetworkingsockets.dir\release\steamnetworkingsockets_snp.obj
c:\users\levent\desktop\gamenetworkingsockets\build\src\gamenetworkingsockets.dir\release\steamnetworkingsockets_lowlevel.obj
c:\users\levent\desktop\gamenetworkingsockets\build\src\gamenetworkingsockets.dir\release\steamnetworkingsockets_connections.obj
c:\users\levent\desktop\gamenetworkingsockets\build\src\gamenetworkingsockets.dir\release\steamnetworkingsockets_flat.obj
c:\users\levent\desktop\gamenetworkingsockets\build\src\gamenetworkingsockets.dir\release\csteamnetworkingsockets.obj
c:\users\levent\desktop\gamenetworkingsockets\build\src\gamenetworkingsockets.dir\release\steamid.obj
c:\users\levent\desktop\gamenetworkingsockets\build\src\gamenetworkingsockets.dir\release\keypair.obj
c:\users\levent\desktop\gamenetworkingsockets\build\src\gamenetworkingsockets.dir\release\crypto_textencode.obj
c:\users\levent\desktop\gamenetworkingsockets\build\src\gamenetworkingsockets.dir\release\crypto_25519_openssl.obj
c:\users\levent\desktop\gamenetworkingsockets\build\src\gamenetworkingsockets.dir\release\crypto_25519_donna.obj
c:\users\levent\desktop\gamenetworkingsockets\build\src\gamenetworkingsockets.dir\release\crypto_openssl.obj
c:\users\levent\desktop\gamenetworkingsockets\build\src\gamenetworkingsockets.dir\release\crypto_bcrypt.obj
c:\users\levent\desktop\gamenetworkingsockets\build\src\gamenetworkingsockets.dir\release\steamnetworkingsockets_messages_udp.pb.obj
c:\users\levent\desktop\gamenetworkingsockets\build\src\gamenetworkingsockets.dir\release\steamnetworkingsockets_messages.pb.obj
c:\users\levent\desktop\gamenetworkingsockets\build\src\gamenetworkingsockets.dir\release\steamnetworkingsockets_messages_certs.pb.obj
c:\users\levent\desktop\gamenetworkingsockets\build\src\gamenetworkingsockets.dir\release\opensslwrapper.obj
c:\users\levent\desktop\gamenetworkingsockets\build\src\gamenetworkingsockets.dir\release\strtools.obj
c:\users\levent\desktop\gamenetworkingsockets\build\src\gamenetworkingsockets.dir\release\utlmemory.obj
c:\users\levent\desktop\gamenetworkingsockets\build\src\gamenetworkingsockets.dir\release\utlbuffer.obj
c:\users\levent\desktop\gamenetworkingsockets\build\src\gamenetworkingsockets.dir\release\ipv6text.obj
c:\dev\gamenetworkingsockets\build\src\cmakefiles\generate.stamp
c:\dev\gamenetworkingsockets\build\src\release\gamenetworkingsockets.lib
c:\dev\gamenetworkingsockets\build\src\release\gamenetworkingsockets.exp
c:\users\levent\desktop\gamenetworkingsockets\build\src\release\gamenetworkingsockets.dll
c:\users\levent\desktop\gamenetworkingsockets\build\src\gamenetworkingsockets.dir\release\gamenetw.dd93e744.tlog\cl.command.1.tlog
c:\users\levent\desktop\gamenetworkingsockets\build\src\gamenetworkingsockets.dir\release\gamenetw.dd93e744.tlog\cl.read.1.tlog
c:\users\levent\desktop\gamenetworkingsockets\build\src\gamenetworkingsockets.dir\release\gamenetw.dd93e744.tlog\cl.write.1.tlog
c:\users\levent\desktop\gamenetworkingsockets\build\src\gamenetworkingsockets.dir\release\gamenetw.dd93e744.tlog\custombuild.command.1.tlog
c:\users\levent\desktop\gamenetworkingsockets\build\src\gamenetworkingsockets.dir\release\gamenetw.dd93e744.tlog\custombuild.read.1.tlog
c:\users\levent\desktop\gamenetworkingsockets\build\src\gamenetworkingsockets.dir\release\gamenetw.dd93e744.tlog\custombuild.write.1.tlog
c:\users\levent\desktop\gamenetworkingsockets\build\src\gamenetworkingsockets.dir\release\gamenetw.dd93e744.tlog\gamenetworkingsockets.write.1u.tlog
c:\users\levent\desktop\gamenetworkingsockets\build\src\gamenetworkingsockets.dir\release\gamenetw.dd93e744.tlog\link.command.1.tlog
c:\users\levent\desktop\gamenetworkingsockets\build\src\gamenetworkingsockets.dir\release\gamenetw.dd93e744.tlog\link.read.1.tlog
c:\users\levent\desktop\gamenetworkingsockets\build\src\gamenetworkingsockets.dir\release\gamenetw.dd93e744.tlog\link.write.1.tlog
